<?xml version="1.0" encoding="UTF-8"?>
<!-- Generated by org.testng.reporters.JUnitReportReporter -->
<testsuite hostname="LAPTOP-OE1URFOU" failures="0" tests="1" name="testPackage.Post_TC_1" time="6.081" errors="0" timestamp="2023-05-28T11:31:28 IST" skipped="0">
  <testcase classname="testPackage.Post_TC_1" name="execute" time="6.081"/>
  <system-out/>
</testsuite> <!-- testPackage.Post_TC_1 -->
