<?xml version="1.0" encoding="UTF-8"?>
<!-- Generated by org.testng.reporters.JUnitReportReporter -->
<testsuite hostname="LAPTOP-OE1URFOU" failures="0" tests="1" name="testPackage.Post_TC_2" time="2.176" errors="0" timestamp="2023-05-28T11:31:28 IST" skipped="0">
  <testcase classname="testPackage.Post_TC_2" name="execute" time="2.176"/>
  <system-out/>
</testsuite> <!-- testPackage.Post_TC_2 -->
